<?xml version="1.0" encoding="UTF-8"?>
<testng-results ignored="0" total="2" passed="2" failed="0" skipped="0">
  <reporter-output>
  </reporter-output>
  <suite started-at="2025-04-28T11:37:57 IST" name="Suite" finished-at="2025-04-28T11:38:14 IST" duration-ms="16755">
    <groups>
    </groups>
    <test started-at="2025-04-28T11:37:57 IST" name="Test" finished-at="2025-04-28T11:38:14 IST" duration-ms="16755">
      <class name="com.sampleparalletest.demo.ParallelTestDemo">
        <test-method signature="function_1()[pri:0, instance:com.sampleparalletest.demo.ParallelTestDemo@5677323c]" started-at="2025-04-28T11:37:57 IST" name="function_1" finished-at="2025-04-28T11:38:14 IST" duration-ms="16702" status="PASS">
          <reporter-output>
          </reporter-output>
        </test-method> <!-- function_1 -->
        <test-method signature="function_2()[pri:0, instance:com.sampleparalletest.demo.ParallelTestDemo@5677323c]" started-at="2025-04-28T11:37:57 IST" name="function_2" finished-at="2025-04-28T11:38:07 IST" duration-ms="9611" status="PASS">
          <reporter-output>
          </reporter-output>
        </test-method> <!-- function_2 -->
      </class> <!-- com.sampleparalletest.demo.ParallelTestDemo -->
    </test> <!-- Test -->
  </suite> <!-- Suite -->
</testng-results>
